<?xml version="1.0" encoding="UTF-8"?>
<testng-results skipped="0" failed="0" total="1" passed="1">
  <reporter-output>
  </reporter-output>
  <suite name="com.test1.tests.LoadTest" duration-ms="15682" started-at="2018-06-26T14:49:54Z" finished-at="2018-06-26T14:50:09Z">
    <groups>
    </groups>
    <test name="Command line test" duration-ms="15682" started-at="2018-06-26T14:49:54Z" finished-at="2018-06-26T14:50:09Z">
      <class name="com.test1.tests.LoadTest">
        <test-method status="PASS" signature="beforeClass()[pri:0, instance:com.test1.tests.LoadTest@1e4cb85]" name="beforeClass" is-config="true" duration-ms="10456" started-at="2018-06-26T17:49:54Z" finished-at="2018-06-26T17:50:04Z">
          <reporter-output>
          </reporter-output>
        </test-method> <!-- beforeClass -->
        <test-method status="PASS" signature="verifySearchButton()[pri:0, instance:com.test1.tests.LoadTest@1e4cb85]" name="verifySearchButton" duration-ms="3731" started-at="2018-06-26T17:50:04Z" finished-at="2018-06-26T17:50:08Z">
          <reporter-output>
          </reporter-output>
        </test-method> <!-- verifySearchButton -->
        <test-method status="PASS" signature="afterClass()[pri:0, instance:com.test1.tests.LoadTest@1e4cb85]" name="afterClass" is-config="true" duration-ms="1477" started-at="2018-06-26T17:50:08Z" finished-at="2018-06-26T17:50:09Z">
          <reporter-output>
          </reporter-output>
        </test-method> <!-- afterClass -->
      </class> <!-- com.test1.tests.LoadTest -->
    </test> <!-- Command line test -->
  </suite> <!-- com.test1.tests.LoadTest -->
</testng-results>
