<?xml version="1.0" encoding="UTF-8"?>
<testng-results skipped="0" failed="0" total="1" passed="1">
  <reporter-output>
  </reporter-output>
  <suite name="Default suite" duration-ms="26502" started-at="2018-06-26T14:28:12Z" finished-at="2018-06-26T14:28:38Z">
    <groups>
    </groups>
    <test name="Default test" duration-ms="26502" started-at="2018-06-26T14:28:12Z" finished-at="2018-06-26T14:28:38Z">
      <class name="com.test1.tests.LoadTest">
        <test-method status="PASS" signature="beforeClass()[pri:0, instance:com.test1.tests.LoadTest@4f933fd1]" name="beforeClass" is-config="true" duration-ms="13540" started-at="2018-06-26T17:28:12Z" finished-at="2018-06-26T17:28:25Z">
          <reporter-output>
          </reporter-output>
        </test-method> <!-- beforeClass -->
        <test-method status="PASS" signature="verifySearchButton()[pri:0, instance:com.test1.tests.LoadTest@4f933fd1]" name="verifySearchButton" duration-ms="7838" started-at="2018-06-26T17:28:25Z" finished-at="2018-06-26T17:28:33Z">
          <reporter-output>
          </reporter-output>
        </test-method> <!-- verifySearchButton -->
        <test-method status="PASS" signature="afterClass()[pri:0, instance:com.test1.tests.LoadTest@4f933fd1]" name="afterClass" is-config="true" duration-ms="5083" started-at="2018-06-26T17:28:33Z" finished-at="2018-06-26T17:28:38Z">
          <reporter-output>
          </reporter-output>
        </test-method> <!-- afterClass -->
      </class> <!-- com.test1.tests.LoadTest -->
    </test> <!-- Default test -->
  </suite> <!-- Default suite -->
</testng-results>
